[www.kirpaproperties.com/index.html]
[static.wixstatic.com/media/e27d97_50e594fd9fda4838865631c00b5751b5_mv2.png/v1/fill/w_192,h_192,lg_1,usm_0.66_1.00_0.01/e27d97_50e594fd9fda4838865631c00b5751b5_mv2.png]
[static.wixstatic.com/media/e27d97_50e594fd9fda4838865631c00b5751b5_mv2.png/v1/fill/w_32,h_32,lg_1,usm_0.66_1.00_0.01/e27d97_50e594fd9fda4838865631c00b5751b5_mv2.png]
[static.wixstatic.com/media/e27d97_50e594fd9fda4838865631c00b5751b5_mv2.png/v1/fill/w_180,h_180,lg_1,usm_0.66_1.00_0.01/e27d97_50e594fd9fda4838865631c00b5751b5_mv2.png]
[static.parastorage.com/unpkg/@formatjs/intl-segmenter@11.7.10/polyfill.iife.js]
[static.parastorage.com/unpkg/core-js-bundle@3.2.1/minified.js]
[static.parastorage.com/unpkg/focus-within-polyfill@5.0.9/dist/focus-within-polyfill.js]
[www.kirpaproperties.com/t.6.delayed]
[www.kirpaproperties.com/e.7.delayed]
[backblue.gif]
[fade.gif]
[index.html]
[static.parastorage.com/services/form-app/1.2239.0/client-viewer/1642.chunk.min.js]
[static.parastorage.com/services/form-app/1.2239.0/client-viewer/7197.chunk.min.js]
[static.parastorage.com/services/form-app/1.2239.0/client-viewer/6498.chunk.min.js]
[static.parastorage.com/services/form-app/1.2239.0/client-viewer/7384.chunk.min.js]
[static.parastorage.com/services/form-app/1.2239.0/client-viewer/6927.chunk.min.js]
[static.parastorage.com/services/form-app/1.2239.0/client-viewer/form-app-contacts-phone.chunk.min.js]
[static.parastorage.com/services/form-app/1.2239.0/client-viewer/form-app-text-area.chunk.min.js]
[static.wixstatic.com/media/81af6121f84c41a5b4391d7d37fce12a.png/v1/fill/w_24,h_24,al_c,q_85,usm_0.66_1.00_0.01,enc_avif,quality_auto/81af6121f84c41a5b4391d7d37fce12a.png]
[static.wixstatic.com/media/203dcdc2ac8b48de89313f90d2a4cda1.png/v1/fill/w_24,h_24,al_c,q_85,usm_0.66_1.00_0.01,enc_avif,quality_auto/203dcdc2ac8b48de89313f90d2a4cda1.png]
[static.wixstatic.com/media/11062b_3a1a34a22c10436caac05a4e0f6a876e_mv2.png/v1/fill/w_24,h_24,al_c,q_85,usm_0.66_1.00_0.01,enc_avif/11062b_3a1a34a22c10436caac05a4e0f6a876e_mv2.png]
[static.wixstatic.com/media/23fd2a2be53141ed810f4d3dcdcd01fa.png/v1/fill/w_24,h_24,al_c,q_85,usm_0.66_1.00_0.01,enc_avif,quality_auto/23fd2a2be53141ed810f4d3dcdcd01fa.png]
[static.wixstatic.com/media/e27d97_579c0edb847f4c10b9bb2df1e3cb6da5_mv2.jpg/v1/fill/w_147,h_82,al_c,q_80,usm_0.66_1.00_0.01,blur_2,/e27d97_579c0edb847f4c10b9bb2df1e3cb6da5_mv2.jpg]
[www.kirpaproperties.com/11062b_b916a6f51258470a8d666014baa98815.14.delayed]
[www.kirpaproperties.com/11062b_a482b2593da84dfb950e2b0ef65714d8.15.delayed]
[www.kirpaproperties.com/11062b_9881c0144c754f52a35deb153ace7c8e.16.delayed]
[www.kirpaproperties.com/11062b_aa668fbaaedb496e8e5a988e51bbd60d.17.delayed]
[static.parastorage.com/services/linguist-flags/1.961.0/assets/flags/square/ARE.png]
[www.kirpaproperties.com/e27d97_aea6c873ca984fa8b384cd9263293793.19.delayed]
[www.kirpaproperties.com/e27d97_47321c85dd8d4cbd8d8086d4c319700e.1a.delayed]
[www.kirpaproperties.com/e27d97_c78d36b77e8a4e7291acbe9856e00169.1b.delayed]
[www.kirpaproperties.com/e27d97_03baee88e39d4e919ae86167f36bacd0.1c.delayed]
[static.wixstatic.com/media/e27d97_5604497372c94a9b89491ca8519b021df002.jpg/v1/fill/w_372,h_585,al_c,q_80,usm_0.66_1.00_0.01,enc_av/e27d97_5604497372c94a9b89491ca8519b021df002.jpg]
[static.wixstatic.com/media/e27d97_9d42e5ae246f4b1a8aaa3e540880398bf000.jpg/v1/fill/w_147,h_83,al_c,q_80,usm_0.66_1.00_0.01,blur_2,/e27d97_9d42e5ae246f4b1a8aaa3e540880398bf000.jpg]
[static.wixstatic.com/media/a25ca6_b24a81fe7ff34b4abc43b164fb115100_mv2.jpg/v1/crop/x_391,y_0,w_4367,h_3432/fill/w_355,h_279,al_c,q_80,usm_0.66_1.00_0.01,enc_avif,quality_auto/RAW1184.jpg]
[static.wixstatic.com/media/11062b_55e4be1e75564866b6c28290f9a9d271_mv2.png/v1/fill/w_22,h_22,al_c,q_85,usm_0.66_1.00_0.01,enc_avif/11062b_55e4be1e75564866b6c28290f9a9d271_mv2.png]
[static.wixstatic.com/media/11062b_8dcadfa428954b1d919f8499f75aa27a_mv2.png/v1/fill/w_22,h_22,al_c,q_85,usm_0.66_1.00_0.01,enc_avif/11062b_8dcadfa428954b1d919f8499f75aa27a_mv2.png]
[static.wixstatic.com/media/11062b_69d309d6dbde492fae325fb0deca6556_mv2.png/v1/fill/w_22,h_22,al_c,q_85,usm_0.66_1.00_0.01,enc_avif/11062b_69d309d6dbde492fae325fb0deca6556_mv2.png]
[static.wixstatic.com/media/11062b_2381e8a6e7444f4f902e7b649aa3f0ac_mv2.png/v1/fill/w_22,h_22,al_c,q_85,usm_0.66_1.00_0.01,enc_avif/11062b_2381e8a6e7444f4f902e7b649aa3f0ac_mv2.png]
[static.wixstatic.com/media/a25ca6_8b5572124e7e4ebb9ec1f5e653d9b9e9_mv2.jpg/v1/crop/x_393,y_0,w_4395,h_3454/fill/w_355,h_279,al_c,q_80,usm_0.66_1.00_0.01,enc_avif,quality_auto/RAW1227.jpg]
[static.wixstatic.com/media/a25ca6_acd26933992d48c9a637b99b94c11e2b_mv2.jpg/v1/crop/x_366,y_0,w_4086,h_3211/fill/w_355,h_279,al_c,q_80,usm_0.66_1.00_0.01,enc_avif,quality_auto/RAW1631.jpg]
[static.wixstatic.com/media/a25ca6_e044fcfb9f09447f92cdc5bfc804e765_mv2.jpg/v1/crop/x_380,y_0,w_4246,h_3337/fill/w_355,h_279,al_c,q_80,usm_0.66_1.00_0.01,enc_avif,quality_auto/RAW1410.jpg]
[static.wixstatic.com/media/a25ca6_51829f2283ae48c9b80dc41ed37cb2ef_mv2.jpg/v1/crop/x_371,y_0,w_4145,h_3258/fill/w_355,h_279,al_c,q_80,usm_0.66_1.00_0.01,enc_avif,quality_auto/RAW1399.jpg]
[static.wixstatic.com/media/a25ca6_02e95ff12f504b22b4817207a155c088_mv2.jpg/v1/crop/x_391,y_0,w_4371,h_3435/fill/w_355,h_279,al_c,q_80,usm_0.66_1.00_0.01,enc_avif,quality_auto/RAW1460.jpg]
[static.wixstatic.com/media/a25ca6_49cb2a3dad374122a8a61997aeb4e1cb_mv2.jpg/v1/crop/x_373,y_0,w_4167,h_3275/fill/w_355,h_279,al_c,q_80,usm_0.66_1.00_0.01,enc_avif,quality_auto/RAW1549.jpg]
[static.wixstatic.com/media/a25ca6_fa8d83ae2b9f463a98e6aef2a07f23d7_mv2.jpg/v1/crop/x_390,y_0,w_4357,h_3424/fill/w_355,h_279,al_c,q_80,usm_0.66_1.00_0.01,enc_avif,quality_auto/RAW1600.jpg]
[static.wixstatic.com/media/a25ca6_fa6d3bf1d5be4885a85103f0f5ca0c1d_mv2.jpg/v1/crop/x_384,y_0,w_4299,h_3379/fill/w_355,h_279,al_c,q_80,usm_0.66_1.00_0.01,enc_avif,quality_auto/RAW1606.jpg]
[static.wixstatic.com/media/a25ca6_4f7790f42aa141aab72ee868c338e7de_mv2.jpg/v1/crop/x_379,y_0,w_4242,h_3334/fill/w_355,h_279,al_c,q_80,usm_0.66_1.00_0.01,enc_avif,quality_auto/RAW1433.jpg]
[static.wixstatic.com/media/a25ca6_e497cc639e61402891971b446fefc379_mv2.jpg/v1/crop/x_373,y_0,w_4168,h_3276/fill/w_355,h_279,al_c,q_80,usm_0.66_1.00_0.01,enc_avif,quality_auto/RAW1315.jpg]
[static.wixstatic.com/media/a25ca6_f1a33720b77b4ce698fd85551b23e31e_mv2.jpg/v1/crop/x_394,y_0,w_4400,h_3458/fill/w_355,h_279,al_c,q_80,usm_0.66_1.00_0.01,enc_avif,quality_auto/RAW1649.jpg]
[static.wixstatic.com/media/a25ca6_ac44a221e00b4e7daf185239cfb63cb0_mv2.jpg/v1/crop/x_378,y_0,w_4232,h_3326/fill/w_355,h_279,al_c,q_80,usm_0.66_1.00_0.01,enc_av/RAW1730 (1).jpg]
[static.wixstatic.com/media/a25ca6_203397dc8d7d4ebab417a52353b7ca10_mv2.jpg/v1/crop/x_371,y_0,w_4142,h_3255/fill/w_355,h_279,al_c,q_80,usm_0.66_1.00_0.01,enc_avif,quality_auto/RAW1297.jpg]
[static.wixstatic.com/media/a25ca6_097b1e79cdc14e9fac304304eeef2f54_mv2.jpg/v1/crop/x_0,y_0,w_1302,h_1024/fill/w_355,h_279,al_c,q_80,usm_0.66_1.00_0.01,enc_av/PREETY VIJAYVARGIYA_edited.30]
[static.wixstatic.com/media/a25ca6_ef159c99cece4c5294f3a2632307123f_mv2.jpg/v1/crop/x_365,y_0,w_4078,h_3205/fill/w_355,h_279,al_c,q_80,usm_0.66_1.00_0.01,enc_avif,quality_auto/RAW1341.jpg]
[static.wixstatic.com/media/a25ca6_73754511be6c46fd84715425651ed028_mv2.jpg/v1/crop/x_398,y_0,w_4443,h_3492/fill/w_355,h_279,al_c,q_80,usm_0.66_1.00_0.01,enc_avif,quality_auto/RAW1709.jpg]
[static.wixstatic.com/media/a25ca6_d65565f4e0ba4993a5629712c0c5630a_mv2.jpg/v1/crop/x_399,y_0,w_4455,h_3501/fill/w_355,h_279,al_c,q_80,usm_0.66_1.00_0.01,enc_avif,quality_auto/RAW1742.jpg]
[static.wixstatic.com/media/a25ca6_45152ac30c3f474194debc367df80f05_mv2.jpg/v1/crop/x_386,y_0,w_4308,h_3386/fill/w_355,h_279,al_c,q_80,usm_0.66_1.00_0.01,enc_avif,quality_auto/RAW1357.jpg]
[static.wixstatic.com/media/e27d97_50e594fd9fda4838865631c00b5751b5_mv2.png/v1/fill/w_140,h_110,al_c,lg_1,q_85,enc_avif,quality_auto/RAW1474.png]
[static.wixstatic.com/media/a25ca6_c5a5c671b563489c9b39c759dbdd7624_mv2.jpg/v1/crop/x_400,y_0,w_4467,h_3511/fill/w_355,h_279,al_c,q_80,usm_0.66_1.00_0.01,enc_avif,quality_auto/RAW1555.jpg]
[static.wixstatic.com/media/e27d97_45d009a663ae45d3b727541eccd1e09e_mv2.jpg/v1/fill/w_147,h_86,al_c,q_80,usm_0.66_1.00_0.01,blur_2,/e27d97_45d009a663ae45d3b727541eccd1e09e_mv2.jpg]
[www.kirpaproperties.com/e27d97_d8ec1e9ba9584f47a068ccf117237b0f.39.delayed]
[scontent-phx1-1.cdninstagram.com/v/t51.71878-15/603140309_1745071013546343_9077139547534603234_n947c.jpg]
[scontent-phx1-1.cdninstagram.com/v/t51.71878-15/598137583_859926010289577_2659993431790039515_ndbcb.jpg]
[scontent-phx1-1.cdninstagram.com/v/t51.71878-15/588641826_877123088159991_7063366973830740965_n253a.jpg]
[scontent-phx1-1.cdninstagram.com/v/t51.82787-15/590420403_17903876775304259_3583657082984578842_nbd73.jpg]
[scontent-phx1-1.cdninstagram.com/v/t51.71878-15/590406203_1233133152198874_6753733126551445238_nbd3d.jpg]
[scontent-phx1-1.cdninstagram.com/v/t51.82787-15/587935066_17903087595304259_368805904485534974_n72d8.jpg]
[scontent-phx1-1.cdninstagram.com/v/t51.71878-15/587013992_1557380735400777_1757228609565888408_n36b5.jpg]
[scontent-phx1-1.cdninstagram.com/v/t51.71878-15/574476607_875165901638366_436079432959730156_n978f.jpg]
[scontent-phx1-1.cdninstagram.com/v/t51.82787-15/582109899_17901708777304259_91125200480285128_n76a8.jpg]
[scontent-phx1-1.cdninstagram.com/v/t51.71878-15/573106618_846501797893624_3565299588081504824_n3347.jpg]
[scontent-phx1-1.cdninstagram.com/v/t51.82787-15/572645974_17899831968304259_7350163967670872004_n400f.jpg]
[scontent-phx1-1.cdninstagram.com/v/t51.71878-15/565810105_808841218419300_324423956187950155_n986a.jpg]
[scontent-phx1-1.cdninstagram.com/v/t51.82787-15/556121007_17896345800304259_635513475671601636_nac06.jpg]
[scontent-phx1-1.cdninstagram.com/v/t51.71878-15/551071331_1440381093913714_4358958761102925663_nab2f.jpg]
[scontent-phx1-1.cdninstagram.com/v/t51.71878-15/548684645_1448241456480444_6039741493422112315_n5c02.jpg]
[scontent-phx1-1.cdninstagram.com/v/t51.71878-15/548137030_1830168295047126_2909786968876857266_n446f.jpg]
[scontent-phx1-1.cdninstagram.com/v/t51.71878-15/541259019_1432628664665605_5846867986725658073_nb35f.jpg]
[scontent-phx1-1.cdninstagram.com/v/t51.82787-15/539821693_17892992142304259_3422215812973062281_n155d.jpg]
[scontent-phx1-1.cdninstagram.com/v/t51.82787-15/539590376_17892623949304259_1577864461892680663_n56c1.jpg]
[scontent-phx1-1.cdninstagram.com/v/t51.71878-15/536706039_779923968320314_5102790169583314832_n31a6.jpg]
[scontent-phx1-1.cdninstagram.com/v/t51.71878-15/534879304_1315194746678341_8294661939424651402_n8806.jpg]
[scontent-phx1-1.cdninstagram.com/v/t51.71878-15/536146700_1085584800381586_516253550527427140_n8f5c.jpg]
[scontent-phx1-1.cdninstagram.com/v/t51.71878-15/534483316_1458882045383036_6239289562983905371_nea98.jpg]
[scontent-phx1-1.cdninstagram.com/v/t51.71878-15/531396167_1990036035158724_4706637632688946916_n4fd7.jpg]
[scontent-phx1-1.cdninstagram.com/v/t51.71878-15/530460143_2240146453071926_2312097145302943291_n2c44.jpg]
[scontent-phx1-1.cdninstagram.com/v/t51.82787-15/527448968_17889633843304259_5486504289200902095_nf8fd.jpg]
[scontent-phx1-1.cdninstagram.com/v/t51.82787-15/527598150_17889370605304259_8786742952626273045_nbbf9.jpg]
[scontent-phx1-1.cdninstagram.com/v/t51.82787-15/525989602_17889356844304259_7474653964827469351_n2bae.jpg]
[scontent-phx1-1.cdninstagram.com/v/t51.82787-15/525905630_17889152928304259_4881137458521305626_n27a1.jpg]
[scontent-phx1-1.cdninstagram.com/v/t51.82787-15/524852689_17888787849304259_1840790414465379026_n2d79.jpg]
[scontent-phx1-1.cdninstagram.com/v/t51.82787-15/523362228_17888531319304259_8939082712339172799_n4df1.jpg]
[scontent-phx1-1.cdninstagram.com/v/t51.82787-15/524243331_17888250228304259_3514469677807050845_n7c8c.jpg]
[scontent-phx1-1.cdninstagram.com/v/t51.82787-15/523682784_17888225730304259_615227578106712247_n4ec8.jpg]
[scontent-phx1-1.cdninstagram.com/v/t51.82787-15/523196497_17888184993304259_2082654366257834673_n868a.jpg]
[scontent-phx1-1.cdninstagram.com/v/t51.82787-15/523806071_17888117769304259_425064463646882545_n2474.jpg]
[scontent-phx1-1.cdninstagram.com/v/t51.82787-15/521335846_17887814559304259_3095307275548172473_n448b.jpg]
[scontent-phx1-1.cdninstagram.com/v/t51.82787-15/520242467_17887447281304259_5650312717367306773_n4ec7.jpg]
[scontent-phx1-1.cdninstagram.com/v/t51.82787-15/520948855_17887415898304259_4266094607809069308_n12bb.jpg]
[scontent-phx1-1.cdninstagram.com/v/t51.82787-15/519919044_17887308396304259_6181592739340620253_nec08.jpg]
[scontent-phx1-1.cdninstagram.com/v/t51.82787-15/518972253_17887052907304259_3524487351395686606_ncb92.jpg]
[scontent-phx1-1.cdninstagram.com/v/t51.82787-15/519133260_17886931188304259_3720787174590921227_n47d4.jpg]
[scontent-phx1-1.cdninstagram.com/v/t51.82787-15/517592661_17886728724304259_1652553536288731599_nf4aa.jpg]
[scontent-phx1-1.cdninstagram.com/v/t51.82787-15/517590735_17886609498304259_1753067898979844371_n2cfd.jpg]
[scontent-phx1-1.cdninstagram.com/v/t51.82787-15/518215124_17886577599304259_4979832331799369037_nfff8.jpg]
[scontent-phx1-1.cdninstagram.com/v/t51.82787-15/518408258_17886492675304259_7604181452164834587_nf1d0.jpg]
[scontent-phx1-1.cdninstagram.com/v/t51.82787-15/518201626_17886337173304259_4902972770654885914_nc140.jpg]
[scontent-phx1-1.cdninstagram.com/v/t51.82787-15/517181831_17886310533304259_1163195690110297155_na18f.jpg]
[scontent-phx1-1.cdninstagram.com/v/t51.82787-15/517121096_17886187665304259_1288992787135757024_nf3f4.jpg]
[scontent-phx1-1.cdninstagram.com/v/t51.82787-15/516232721_17886133113304259_8290425809943296419_n56d0.jpg]
[scontent-phx1-1.cdninstagram.com/v/t51.82787-15/515979788_17886061518304259_937745502679857171_n9196.jpg]
[www.kirpaproperties.com/06f469158f5346a3be7e4100e38370cd.6c.delayed]
[www.kirpaproperties.com/e27d97_2091a77e6fb443edb299038f96bb64f1.6d.delayed]
[static.wixstatic.com/media/11062b_55e4be1e75564866b6c28290f9a9d271_mv2.png/v1/fill/w_29,h_29,al_c,q_85,usm_0.66_1.00_0.01,enc_avif/11062b_55e4be1e75564866b6c28290f9a9d271_mv2.png]
[static.wixstatic.com/media/11062b_8dcadfa428954b1d919f8499f75aa27a_mv2.png/v1/fill/w_29,h_29,al_c,q_85,usm_0.66_1.00_0.01,enc_avif/11062b_8dcadfa428954b1d919f8499f75aa27a_mv2.png]
[static.wixstatic.com/media/11062b_69d309d6dbde492fae325fb0deca6556_mv2.png/v1/fill/w_29,h_29,al_c,q_85,usm_0.66_1.00_0.01,enc_avif/11062b_69d309d6dbde492fae325fb0deca6556_mv2.png]
[static.wixstatic.com/media/11062b_2381e8a6e7444f4f902e7b649aa3f0ac_mv2.png/v1/fill/w_29,h_29,al_c,q_85,usm_0.66_1.00_0.01,enc_avif/11062b_2381e8a6e7444f4f902e7b649aa3f0ac_mv2.png]
[www.kirpaproperties.com/privacy-policy.html]
[www.kirpaproperties.com/accessibility-statement.html]
[static.parastorage.com/services/wix-thunderbolt/dist/thunderbolt-commons.31aca8e1.bundle.min.js]
[browser.sentry-cdn.com/7.120.3/bundle.tracing.es5.min.js]
[browser.sentry-cdn.com/7.120.3/modulemetadata.es5.min.js]
[www.kirpaproperties.com/sitemap.xml]
[www.kirpaproperties.com/feed.78.delayed]
[static.parastorage.com/services/wix-thunderbolt/dist/main.a9390570.bundle.min.js]
[static.parastorage.com/services/wix-thunderbolt/dist/main.renderer.f600e767.bundle.min.js]
[static.parastorage.com/unpkg/lodash@4.17.21/lodash.min.js]
[static.parastorage.com/unpkg/react@18.3.1/umd/react.production.min.js]
[static.parastorage.com/unpkg/react-dom@18.3.1/umd/react-dom.production.min.js]
[static.parastorage.com/services/wix-thunderbolt/dist/browser-deprecation.bundle.es5.js]
[static.parastorage.com/services/wix-ai-assistant-client-widget/1.1137.0/AiAssistantWidgetViewerWidget.bundle.min.js]
[www.kirpaproperties.com/decodeURIComponent(e.80.delayed]
[static.parastorage.com/services/tag-manager-client/1.1028.0/siteTags.bundle.min.js]
[www.kirpaproperties.com/index.html]
[www.kirpaproperties.com/t.html]
[www.kirpaproperties.com/e.html]
[www.kirpaproperties.com/11062b_b916a6f51258470a8d666014baa98815.html]
[www.kirpaproperties.com/11062b_a482b2593da84dfb950e2b0ef65714d8.html]
[www.kirpaproperties.com/11062b_9881c0144c754f52a35deb153ace7c8e.html]
[www.kirpaproperties.com/11062b_aa668fbaaedb496e8e5a988e51bbd60d.html]
[www.kirpaproperties.com/e27d97_aea6c873ca984fa8b384cd9263293793.html]
[www.kirpaproperties.com/e27d97_47321c85dd8d4cbd8d8086d4c319700e.html]
[www.kirpaproperties.com/e27d97_c78d36b77e8a4e7291acbe9856e00169.html]
[www.kirpaproperties.com/e27d97_03baee88e39d4e919ae86167f36bacd0.html]
[www.kirpaproperties.com/e27d97_d8ec1e9ba9584f47a068ccf117237b0f.html]
[www.kirpaproperties.com/06f469158f5346a3be7e4100e38370cd.html]
[www.kirpaproperties.com/e27d97_2091a77e6fb443edb299038f96bb64f1.html]
[www.kirpaproperties.com/e27d97_83ab81c87ba84110b2b7143d3d33a01d.82.delayed]
[static.parastorage.com/services/wix-thunderbolt/dist/thunderbolt-commons.a569870d.bundle.min.js]
[static.parastorage.com/services/wix-thunderbolt/dist/main.6eaa6b91.bundle.min.js]
[www.kirpaproperties.com/privacy-policy.html]
[www.kirpaproperties.com/accessibility-statement.html]
[static.parastorage.com/services/wix-ai-assistant-client-widget/1.1123.0/AiAssistantWidgetViewerWidget.bundle.min.js]
[www.kirpaproperties.com/api.86.delayed]
[www.kirpaproperties.com/api/index.html]
[www.kirpaproperties.com/envelope.87.delayed]
[www.kirpaproperties.com/envelope/index.html]
[www.kirpaproperties.com/feed.html]
[www.kirpaproperties.com/decodeURIComponent(e.html]
[www.kirpaproperties.com/e27d97_83ab81c87ba84110b2b7143d3d33a01d.html]
[www.kirpaproperties.com/api.html]
[www.kirpaproperties.com/envelope.html]
